[debug] [2022-09-06T04:27:22.515Z] ----------------------------------------------------------------------
[debug] [2022-09-06T04:27:22.516Z] Command:       /usr/local/bin/firebase /Users/bilguunzorigooleap1/.cache/firebase/tools/lib/node_modules/firebase-tools/lib/bin/firebase deploy
[debug] [2022-09-06T04:27:22.516Z] CLI Version:   9.18.0
[debug] [2022-09-06T04:27:22.516Z] Platform:      darwin
[debug] [2022-09-06T04:27:22.516Z] Node Version:  v12.18.1
[debug] [2022-09-06T04:27:22.517Z] Time:          Tue Sep 06 2022 12:27:22 GMT+0800 (Ulaanbaatar Standard Time)
[debug] [2022-09-06T04:27:22.517Z] ----------------------------------------------------------------------
[debug] 
[warn] ⚠  JSON error trying to load /Users/bilguunzorigooleap1/Desktop/Kino-site/.firebaserc 
[debug] [2022-09-06T04:27:22.565Z] > command requires scopes: ["email","openid","https://www.googleapis.com/auth/cloudplatformprojects.readonly","https://www.googleapis.com/auth/firebase","https://www.googleapis.com/auth/cloud-platform"]
[debug] [2022-09-06T04:27:22.566Z] > authorizing via signed-in user (billzori30@gmail.com)
[debug] [2022-09-06T04:27:22.566Z] [iam] checking project movie-site-a8d7c for permissions ["firebase.projects.get","firebasehosting.sites.update"]
[debug] [2022-09-06T04:27:22.567Z] > refreshing access token with scopes: ["email","https://www.googleapis.com/auth/cloud-platform","https://www.googleapis.com/auth/cloudplatformprojects.readonly","https://www.googleapis.com/auth/firebase","openid"]
[debug] [2022-09-06T04:27:22.568Z] >>> HTTP REQUEST POST https://www.googleapis.com/oauth2/v3/token  
 <request body omitted>
[debug] [2022-09-06T04:27:22.865Z] <<< HTTP RESPONSE 200 {"expires":"Mon, 01 Jan 1990 00:00:00 GMT","cache-control":"no-cache, no-store, max-age=0, must-revalidate","date":"Tue, 06 Sep 2022 04:27:22 GMT","pragma":"no-cache","content-type":"application/json; charset=utf-8","vary":"X-Origin, Referer, Origin,Accept-Encoding","server":"scaffolding on HTTPServer2","x-xss-protection":"0","x-frame-options":"SAMEORIGIN","x-content-type-options":"nosniff","alt-svc":"h3=\":443\"; ma=2592000,h3-29=\":443\"; ma=2592000,h3-Q050=\":443\"; ma=2592000,h3-Q046=\":443\"; ma=2592000,h3-Q043=\":443\"; ma=2592000,quic=\":443\"; ma=2592000; v=\"46,43\"","accept-ranges":"none","transfer-encoding":"chunked"}
[debug] [2022-09-06T04:27:22.912Z] >>> HTTP REQUEST POST https://cloudresourcemanager.googleapis.com/v1/projects/movie-site-a8d7c:testIamPermissions  
 {"permissions":["firebase.projects.get","firebasehosting.sites.update"]}
[debug] [2022-09-06T04:27:24.154Z] <<< HTTP RESPONSE 200 {"content-type":"application/json; charset=UTF-8","vary":"X-Origin, Referer, Origin,Accept-Encoding","date":"Tue, 06 Sep 2022 04:27:24 GMT","server":"ESF","cache-control":"private","x-xss-protection":"0","x-frame-options":"SAMEORIGIN","x-content-type-options":"nosniff","server-timing":"gfet4t7; dur=941","alt-svc":"h3=\":443\"; ma=2592000,h3-29=\":443\"; ma=2592000,h3-Q050=\":443\"; ma=2592000,h3-Q046=\":443\"; ma=2592000,h3-Q043=\":443\"; ma=2592000,quic=\":443\"; ma=2592000; v=\"46,43\"","accept-ranges":"none","transfer-encoding":"chunked"}
[debug] [2022-09-06T04:27:24.156Z] [iam] error while checking permissions, command may fail: FirebaseError: Authorization failed. This account is missing the following required permissions on project movie-site-a8d7c:

  firebase.projects.get
  firebasehosting.sites.update
[debug] [2022-09-06T04:27:24.161Z] > refreshing access token with scopes: []
[debug] [2022-09-06T04:27:24.162Z] >>> HTTP REQUEST POST https://www.googleapis.com/oauth2/v3/token  
 <request body omitted>
[debug] [2022-09-06T04:27:24.441Z] <<< HTTP RESPONSE 200 {"pragma":"no-cache","date":"Tue, 06 Sep 2022 04:27:24 GMT","cache-control":"no-cache, no-store, max-age=0, must-revalidate","expires":"Mon, 01 Jan 1990 00:00:00 GMT","content-type":"application/json; charset=utf-8","vary":"X-Origin, Referer, Origin,Accept-Encoding","server":"scaffolding on HTTPServer2","x-xss-protection":"0","x-frame-options":"SAMEORIGIN","x-content-type-options":"nosniff","alt-svc":"h3=\":443\"; ma=2592000,h3-29=\":443\"; ma=2592000,h3-Q050=\":443\"; ma=2592000,h3-Q046=\":443\"; ma=2592000,h3-Q043=\":443\"; ma=2592000,quic=\":443\"; ma=2592000; v=\"46,43\"","accept-ranges":"none","transfer-encoding":"chunked"}
[debug] [2022-09-06T04:27:24.490Z] >>> [apiv2][query] GET https://firebase.googleapis.com/v1beta1/projects/movie-site-a8d7c [none]
[debug] [2022-09-06T04:27:24.931Z] <<< [apiv2][status] GET https://firebase.googleapis.com/v1beta1/projects/movie-site-a8d7c 403
[debug] [2022-09-06T04:27:24.932Z] <<< [apiv2][body] GET https://firebase.googleapis.com/v1beta1/projects/movie-site-a8d7c {"error":{"code":403,"message":"The caller does not have permission","status":"PERMISSION_DENIED"}}
[debug] [2022-09-06T04:27:24.933Z] HTTP Error: 403, The caller does not have permission
[debug] [2022-09-06T04:27:25.176Z] FirebaseError: HTTP Error: 403, The caller does not have permission
    at module.exports (/Users/bilguunzorigooleap1/.cache/firebase/tools/lib/node_modules/firebase-tools/lib/responseToError.js:38:12)
    at Client.doRequest (/Users/bilguunzorigooleap1/.cache/firebase/tools/lib/node_modules/firebase-tools/lib/apiv2.js:238:23)
    at processTicksAndRejections (internal/process/task_queues.js:97:5)
    at async Client.request (/Users/bilguunzorigooleap1/.cache/firebase/tools/lib/node_modules/firebase-tools/lib/apiv2.js:96:20)
    at async Object.getFirebaseProject (/Users/bilguunzorigooleap1/.cache/firebase/tools/lib/node_modules/firebase-tools/lib/management/projects.js:290:21)
    at async Object.getDefaultHostingSite (/Users/bilguunzorigooleap1/.cache/firebase/tools/lib/node_modules/firebase-tools/lib/getDefaultHostingSite.js:8:21)
    at async requireHostingSite (/Users/bilguunzorigooleap1/.cache/firebase/tools/lib/node_modules/firebase-tools/lib/requireHostingSite.js:9:18)
    at async Object.fn (/Users/bilguunzorigooleap1/.cache/firebase/tools/lib/node_modules/firebase-tools/lib/commands/deploy.js:65:9)
    at async /Users/bilguunzorigooleap1/.cache/firebase/tools/lib/node_modules/firebase-tools/lib/command.js:188:17
[error] 
[error] Error: Failed to get Firebase project movie-site-a8d7c. Please make sure the project exists and your account has permission to access it.
[debug] [2022-09-06T04:27:52.721Z] ----------------------------------------------------------------------
[debug] [2022-09-06T04:27:52.722Z] Command:       /usr/local/bin/firebase /Users/bilguunzorigooleap1/.cache/firebase/tools/lib/node_modules/firebase-tools/lib/bin/firebase hosting:disable
[debug] [2022-09-06T04:27:52.722Z] CLI Version:   9.18.0
[debug] [2022-09-06T04:27:52.722Z] Platform:      darwin
[debug] [2022-09-06T04:27:52.722Z] Node Version:  v12.18.1
[debug] [2022-09-06T04:27:52.723Z] Time:          Tue Sep 06 2022 12:27:52 GMT+0800 (Ulaanbaatar Standard Time)
[debug] [2022-09-06T04:27:52.723Z] ----------------------------------------------------------------------
[debug] 
[warn] ⚠  JSON error trying to load /Users/bilguunzorigooleap1/Desktop/Kino-site/.firebaserc 
[debug] [2022-09-06T04:27:52.769Z] > command requires scopes: ["email","openid","https://www.googleapis.com/auth/cloudplatformprojects.readonly","https://www.googleapis.com/auth/firebase","https://www.googleapis.com/auth/cloud-platform"]
[debug] [2022-09-06T04:27:52.769Z] > authorizing via signed-in user (billzori30@gmail.com)
[debug] [2022-09-06T04:27:52.769Z] [iam] checking project movie-site-a8d7c for permissions ["firebase.projects.get","firebasehosting.sites.update"]
[debug] [2022-09-06T04:27:52.771Z] > refreshing access token with scopes: ["email","https://www.googleapis.com/auth/cloud-platform","https://www.googleapis.com/auth/cloudplatformprojects.readonly","https://www.googleapis.com/auth/firebase","openid"]
[debug] [2022-09-06T04:27:52.771Z] >>> HTTP REQUEST POST https://www.googleapis.com/oauth2/v3/token  
 <request body omitted>
[debug] [2022-09-06T04:27:53.042Z] <<< HTTP RESPONSE 200 {"expires":"Mon, 01 Jan 1990 00:00:00 GMT","pragma":"no-cache","cache-control":"no-cache, no-store, max-age=0, must-revalidate","date":"Tue, 06 Sep 2022 04:27:53 GMT","content-type":"application/json; charset=utf-8","vary":"X-Origin, Referer, Origin,Accept-Encoding","server":"scaffolding on HTTPServer2","x-xss-protection":"0","x-frame-options":"SAMEORIGIN","x-content-type-options":"nosniff","alt-svc":"h3=\":443\"; ma=2592000,h3-29=\":443\"; ma=2592000,h3-Q050=\":443\"; ma=2592000,h3-Q046=\":443\"; ma=2592000,h3-Q043=\":443\"; ma=2592000,quic=\":443\"; ma=2592000; v=\"46,43\"","accept-ranges":"none","transfer-encoding":"chunked"}
[debug] [2022-09-06T04:27:53.090Z] >>> HTTP REQUEST POST https://cloudresourcemanager.googleapis.com/v1/projects/movie-site-a8d7c:testIamPermissions  
 {"permissions":["firebase.projects.get","firebasehosting.sites.update"]}
[debug] [2022-09-06T04:27:54.362Z] <<< HTTP RESPONSE 200 {"content-type":"application/json; charset=UTF-8","vary":"X-Origin, Referer, Origin,Accept-Encoding","date":"Tue, 06 Sep 2022 04:27:54 GMT","server":"ESF","cache-control":"private","x-xss-protection":"0","x-frame-options":"SAMEORIGIN","x-content-type-options":"nosniff","server-timing":"gfet4t7; dur=950","alt-svc":"h3=\":443\"; ma=2592000,h3-29=\":443\"; ma=2592000,h3-Q050=\":443\"; ma=2592000,h3-Q046=\":443\"; ma=2592000,h3-Q043=\":443\"; ma=2592000,quic=\":443\"; ma=2592000; v=\"46,43\"","accept-ranges":"none","transfer-encoding":"chunked"}
[debug] [2022-09-06T04:27:54.364Z] [iam] error while checking permissions, command may fail: FirebaseError: Authorization failed. This account is missing the following required permissions on project movie-site-a8d7c:

  firebase.projects.get
  firebasehosting.sites.update
[debug] [2022-09-06T04:27:54.368Z] > refreshing access token with scopes: []
[debug] [2022-09-06T04:27:54.369Z] >>> HTTP REQUEST POST https://www.googleapis.com/oauth2/v3/token  
 <request body omitted>
[debug] [2022-09-06T04:27:54.622Z] <<< HTTP RESPONSE 200 {"pragma":"no-cache","expires":"Mon, 01 Jan 1990 00:00:00 GMT","date":"Tue, 06 Sep 2022 04:27:54 GMT","cache-control":"no-cache, no-store, max-age=0, must-revalidate","content-type":"application/json; charset=utf-8","vary":"X-Origin, Referer, Origin,Accept-Encoding","server":"scaffolding on HTTPServer2","x-xss-protection":"0","x-frame-options":"SAMEORIGIN","x-content-type-options":"nosniff","alt-svc":"h3=\":443\"; ma=2592000,h3-29=\":443\"; ma=2592000,h3-Q050=\":443\"; ma=2592000,h3-Q046=\":443\"; ma=2592000,h3-Q043=\":443\"; ma=2592000,quic=\":443\"; ma=2592000; v=\"46,43\"","accept-ranges":"none","transfer-encoding":"chunked"}
[debug] [2022-09-06T04:27:54.676Z] >>> [apiv2][query] GET https://firebase.googleapis.com/v1beta1/projects/movie-site-a8d7c [none]
[debug] [2022-09-06T04:27:55.130Z] <<< [apiv2][status] GET https://firebase.googleapis.com/v1beta1/projects/movie-site-a8d7c 403
[debug] [2022-09-06T04:27:55.131Z] <<< [apiv2][body] GET https://firebase.googleapis.com/v1beta1/projects/movie-site-a8d7c {"error":{"code":403,"message":"The caller does not have permission","status":"PERMISSION_DENIED"}}
[debug] [2022-09-06T04:27:55.132Z] HTTP Error: 403, The caller does not have permission
[debug] [2022-09-06T04:27:55.365Z] FirebaseError: HTTP Error: 403, The caller does not have permission
    at module.exports (/Users/bilguunzorigooleap1/.cache/firebase/tools/lib/node_modules/firebase-tools/lib/responseToError.js:38:12)
    at Client.doRequest (/Users/bilguunzorigooleap1/.cache/firebase/tools/lib/node_modules/firebase-tools/lib/apiv2.js:238:23)
    at processTicksAndRejections (internal/process/task_queues.js:97:5)
    at async Client.request (/Users/bilguunzorigooleap1/.cache/firebase/tools/lib/node_modules/firebase-tools/lib/apiv2.js:96:20)
    at async Object.getFirebaseProject (/Users/bilguunzorigooleap1/.cache/firebase/tools/lib/node_modules/firebase-tools/lib/management/projects.js:290:21)
    at async Object.getDefaultHostingSite (/Users/bilguunzorigooleap1/.cache/firebase/tools/lib/node_modules/firebase-tools/lib/getDefaultHostingSite.js:8:21)
    at async Object.requireHostingSite [as fn] (/Users/bilguunzorigooleap1/.cache/firebase/tools/lib/node_modules/firebase-tools/lib/requireHostingSite.js:9:18)
    at async /Users/bilguunzorigooleap1/.cache/firebase/tools/lib/node_modules/firebase-tools/lib/command.js:188:17
[error] 
[error] Error: Failed to get Firebase project movie-site-a8d7c. Please make sure the project exists and your account has permission to access it.
